<?xml version="1.0" encoding="UTF-8"?>
<testng-results ignored="0" total="1" passed="1" failed="0" skipped="0">
  <reporter-output>
  </reporter-output>
  <suite started-at="2023-08-08T15:32:10 IST" name="Suite" finished-at="2023-08-08T15:33:19 IST" duration-ms="68099">
    <groups>
    </groups>
    <test started-at="2023-08-08T15:32:10 IST" name="Test" finished-at="2023-08-08T15:33:19 IST" duration-ms="68099">
      <class name="testCases.LoginNaukri">
        <test-method is-config="true" signature="setup(java.lang.String)[pri:0, instance:testCases.LoginNaukri@77fbd92c]" started-at="2023-08-08T15:32:11 IST" name="setup" finished-at="2023-08-08T15:33:05 IST" duration-ms="54238" status="PASS">
          <params>
            <param index="0">
              <value>
                <![CDATA[chrome]]>
              </value>
            </param>
          </params>
          <reporter-output>
          </reporter-output>
        </test-method> <!-- setup -->
        <test-method signature="login()[pri:0, instance:testCases.LoginNaukri@77fbd92c]" started-at="2023-08-08T15:33:05 IST" name="login" finished-at="2023-08-08T15:33:17 IST" duration-ms="11591" status="PASS">
          <reporter-output>
          </reporter-output>
        </test-method> <!-- login -->
        <test-method is-config="true" signature="teardown()[pri:0, instance:testCases.LoginNaukri@77fbd92c]" started-at="2023-08-08T15:33:17 IST" name="teardown" finished-at="2023-08-08T15:33:19 IST" duration-ms="1790" status="PASS">
          <reporter-output>
          </reporter-output>
        </test-method> <!-- teardown -->
      </class> <!-- testCases.LoginNaukri -->
    </test> <!-- Test -->
  </suite> <!-- Suite -->
</testng-results>
